<?xml version="1.0" encoding="UTF-8"?>
<!-- Generated by org.testng.reporters.JUnitReportReporter -->
<testsuite hostname="DCDDCD-G5CTLBT0" failures="0" tests="160" name="Runner.TestRunner" time="153.020" errors="3" timestamp="2023-10-08T13:45:27 EDT" skipped="0">
  <testcase classname="Runner.TestRunner" name="runScenario" time="0.310"/>
  <testcase classname="Runner.TestRunner" name="runScenario" time="0.337"/>
  <testcase classname="Runner.TestRunner" name="runScenario" time="0.268"/>
  <testcase classname="Runner.TestRunner" name="runScenario" time="0.294"/>
  <testcase classname="Runner.TestRunner" name="runScenario" time="2.697"/>
  <testcase classname="Runner.TestRunner" name="runScenario" time="2.398"/>
  <testcase classname="Runner.TestRunner" name="runScenario" time="2.392"/>
  <testcase classname="Runner.TestRunner" name="runScenario" time="0.570"/>
  <testcase classname="Runner.TestRunner" name="runScenario" time="0.303"/>
  <testcase classname="Runner.TestRunner" name="runScenario" time="0.288"/>
  <testcase classname="Runner.TestRunner" name="runScenario" time="0.297"/>
  <testcase classname="Runner.TestRunner" name="runScenario" time="0.875"/>
  <testcase classname="Runner.TestRunner" name="runScenario" time="0.353"/>
  <testcase classname="Runner.TestRunner" name="runScenario" time="2.409"/>
  <testcase classname="Runner.TestRunner" name="runScenario" time="0.442"/>
  <testcase classname="Runner.TestRunner" name="runScenario" time="0.394"/>
  <testcase classname="Runner.TestRunner" name="runScenario" time="0.574"/>
  <testcase classname="Runner.TestRunner" name="runScenario" time="0.615"/>
  <testcase classname="Runner.TestRunner" name="runScenario" time="1.850"/>
  <testcase classname="Runner.TestRunner" name="runScenario" time="0.583"/>
  <testcase classname="Runner.TestRunner" name="runScenario" time="2.436"/>
  <testcase classname="Runner.TestRunner" name="runScenario" time="2.399"/>
  <testcase classname="Runner.TestRunner" name="runScenario" time="0.255"/>
  <testcase classname="Runner.TestRunner" name="runScenario" time="0.561"/>
  <testcase classname="Runner.TestRunner" name="runScenario" time="2.389"/>
  <testcase classname="Runner.TestRunner" name="runScenario" time="0.505"/>
  <testcase classname="Runner.TestRunner" name="runScenario" time="2.444"/>
  <testcase classname="Runner.TestRunner" name="runScenario" time="0.333"/>
  <testcase classname="Runner.TestRunner" name="runScenario" time="0.409"/>
  <testcase classname="Runner.TestRunner" name="runScenario" time="0.624"/>
  <testcase classname="Runner.TestRunner" name="runScenario" time="0.014">
    <error message="The step &#039;I want to write a step with name1&#039; and 2 other step(s) are undefined.
You can implement these steps using the snippet(s) below:

@Given(&quot;I want to write a step with name1&quot;)
public void i_want_to_write_a_step_with_name1() {
    // Write code here that turns the phrase above into concrete actions
    throw new io.cucumber.java.PendingException();
}
@When(&quot;I check for the {int} in step&quot;)
public void i_check_for_the_in_step(Integer int1) {
    // Write code here that turns the phrase above into concrete actions
    throw new io.cucumber.java.PendingException();
}
@Then(&quot;I verify the success in step&quot;)
public void i_verify_the_success_in_step() {
    // Write code here that turns the phrase above into concrete actions
    throw new io.cucumber.java.PendingException();
}
" type="io.cucumber.testng.UndefinedStepException">
      <![CDATA[io.cucumber.testng.UndefinedStepException: The step 'I want to write a step with name1' and 2 other step(s) are undefined.
You can implement these steps using the snippet(s) below:

@Given("I want to write a step with name1")
public void i_want_to_write_a_step_with_name1() {
    // Write code here that turns the phrase above into concrete actions
    throw new io.cucumber.java.PendingException();
}
@When("I check for the {int} in step")
public void i_check_for_the_in_step(Integer int1) {
    // Write code here that turns the phrase above into concrete actions
    throw new io.cucumber.java.PendingException();
}
@Then("I verify the success in step")
public void i_verify_the_success_in_step() {
    // Write code here that turns the phrase above into concrete actions
    throw new io.cucumber.java.PendingException();
}

at io.cucumber.core.runtime.TestCaseResultObserver.assertTestCasePassed(TestCaseResultObserver.java:69)
at io.cucumber.testng.TestCaseResultObserver.assertTestCasePassed(TestCaseResultObserver.java:23)
at io.cucumber.testng.TestNGCucumberRunner.lambda$runScenario$1(TestNGCucumberRunner.java:133)
at io.cucumber.core.runtime.CucumberExecutionContext.lambda$runTestCase$5(CucumberExecutionContext.java:137)
at io.cucumber.core.runtime.RethrowingThrowableCollector.executeAndThrow(RethrowingThrowableCollector.java:23)
at io.cucumber.core.runtime.CucumberExecutionContext.runTestCase(CucumberExecutionContext.java:137)
at io.cucumber.testng.TestNGCucumberRunner.runScenario(TestNGCucumberRunner.java:129)
at io.cucumber.testng.AbstractTestNGCucumberTests.runScenario(AbstractTestNGCucumberTests.java:35)
at java.base/jdk.internal.reflect.DirectMethodHandleAccessor.invoke(DirectMethodHandleAccessor.java:104)
at java.base/java.lang.reflect.Method.invoke(Method.java:578)
at org.testng.internal.invokers.MethodInvocationHelper.invokeMethod(MethodInvocationHelper.java:139)
at org.testng.internal.invokers.TestInvoker.invokeMethod(TestInvoker.java:664)
at org.testng.internal.invokers.TestInvoker.invokeTestMethod(TestInvoker.java:227)
at org.testng.internal.invokers.MethodRunner.runInSequence(MethodRunner.java:50)
at org.testng.internal.invokers.TestInvoker$MethodInvocationAgent.invoke(TestInvoker.java:957)
at org.testng.internal.invokers.TestInvoker.invokeTestMethods(TestInvoker.java:200)
at org.testng.internal.invokers.TestMethodWorker.invokeTestMethods(TestMethodWorker.java:148)
at org.testng.internal.invokers.TestMethodWorker.run(TestMethodWorker.java:128)
at java.base/java.util.ArrayList.forEach(ArrayList.java:1511)
at org.testng.TestRunner.privateRun(TestRunner.java:848)
at org.testng.TestRunner.run(TestRunner.java:621)
at org.testng.SuiteRunner.runTest(SuiteRunner.java:443)
at org.testng.SuiteRunner.runSequentially(SuiteRunner.java:437)
at org.testng.SuiteRunner.privateRun(SuiteRunner.java:397)
at org.testng.SuiteRunner.run(SuiteRunner.java:336)
at org.testng.SuiteRunnerWorker.runSuite(SuiteRunnerWorker.java:52)
at org.testng.SuiteRunnerWorker.run(SuiteRunnerWorker.java:95)
at org.testng.TestNG.runSuitesSequentially(TestNG.java:1280)
at org.testng.TestNG.runSuitesLocally(TestNG.java:1200)
at org.testng.TestNG.runSuites(TestNG.java:1114)
at org.testng.TestNG.run(TestNG.java:1082)
at org.testng.remote.AbstractRemoteTestNG.run(AbstractRemoteTestNG.java:115)
at org.testng.remote.RemoteTestNG.initAndRun(RemoteTestNG.java:251)
at org.testng.remote.RemoteTestNG.main(RemoteTestNG.java:77)
]]>
    </error>
  </testcase> <!-- runScenario -->
  <testcase classname="Runner.TestRunner" name="runScenario" time="0.325"/>
  <testcase classname="Runner.TestRunner" name="runScenario" time="0.402"/>
  <testcase classname="Runner.TestRunner" name="runScenario" time="0.574"/>
  <testcase classname="Runner.TestRunner" name="runScenario" time="0.253"/>
  <testcase classname="Runner.TestRunner" name="runScenario" time="0.549"/>
  <testcase classname="Runner.TestRunner" name="runScenario" time="0.597"/>
  <testcase classname="Runner.TestRunner" name="runScenario" time="0.575"/>
  <testcase classname="Runner.TestRunner" name="runScenario" time="0.747"/>
  <testcase classname="Runner.TestRunner" name="runScenario" time="0.311"/>
  <testcase classname="Runner.TestRunner" name="runScenario" time="0.276"/>
  <testcase classname="Runner.TestRunner" name="runScenario" time="2.380"/>
  <testcase classname="Runner.TestRunner" name="runScenario" time="0.553"/>
  <testcase classname="Runner.TestRunner" name="runScenario" time="0.294"/>
  <testcase classname="Runner.TestRunner" name="runScenario" time="0.577"/>
  <testcase classname="Runner.TestRunner" name="runScenario" time="0.412"/>
  <testcase classname="Runner.TestRunner" name="runScenario" time="0.257"/>
  <testcase classname="Runner.TestRunner" name="runScenario" time="0.271"/>
  <testcase classname="Runner.TestRunner" name="runScenario" time="1.489"/>
  <testcase classname="Runner.TestRunner" name="runScenario" time="0.288"/>
  <testcase classname="Runner.TestRunner" name="runScenario" time="0.625"/>
  <testcase classname="Runner.TestRunner" name="runScenario" time="0.258"/>
  <testcase classname="Runner.TestRunner" name="runScenario" time="0.779"/>
  <testcase classname="Runner.TestRunner" name="runScenario" time="0.295"/>
  <testcase classname="Runner.TestRunner" name="runScenario" time="0.366"/>
  <testcase classname="Runner.TestRunner" name="runScenario" time="0.262"/>
  <testcase classname="Runner.TestRunner" name="runScenario" time="0.498"/>
  <testcase classname="Runner.TestRunner" name="runScenario" time="0.447"/>
  <testcase classname="Runner.TestRunner" name="runScenario" time="0.571"/>
  <testcase classname="Runner.TestRunner" name="runScenario" time="0.281"/>
  <testcase classname="Runner.TestRunner" name="runScenario" time="2.409"/>
  <testcase classname="Runner.TestRunner" name="runScenario" time="2.442"/>
  <testcase classname="Runner.TestRunner" name="runScenario" time="0.284"/>
  <testcase classname="Runner.TestRunner" name="runScenario" time="2.399"/>
  <testcase classname="Runner.TestRunner" name="runScenario" time="2.507"/>
  <testcase classname="Runner.TestRunner" name="runScenario" time="0.271"/>
  <testcase classname="Runner.TestRunner" name="runScenario" time="0.455"/>
  <testcase classname="Runner.TestRunner" name="runScenario" time="0.619"/>
  <testcase classname="Runner.TestRunner" name="runScenario" time="2.431"/>
  <testcase classname="Runner.TestRunner" name="runScenario" time="0.514"/>
  <testcase classname="Runner.TestRunner" name="runScenario" time="0.452"/>
  <testcase classname="Runner.TestRunner" name="runScenario" time="2.395"/>
  <testcase classname="Runner.TestRunner" name="runScenario" time="0.296"/>
  <testcase classname="Runner.TestRunner" name="runScenario" time="0.325"/>
  <testcase classname="Runner.TestRunner" name="runScenario" time="1.811"/>
  <testcase classname="Runner.TestRunner" name="runScenario" time="0.260"/>
  <testcase classname="Runner.TestRunner" name="runScenario" time="0.259"/>
  <testcase classname="Runner.TestRunner" name="runScenario" time="0.597"/>
  <testcase classname="Runner.TestRunner" name="runScenario" time="0.259"/>
  <testcase classname="Runner.TestRunner" name="runScenario" time="1.729"/>
  <testcase classname="Runner.TestRunner" name="runScenario" time="0.569"/>
  <testcase classname="Runner.TestRunner" name="runScenario" time="2.555"/>
  <testcase classname="Runner.TestRunner" name="runScenario" time="1.805"/>
  <testcase classname="Runner.TestRunner" name="runScenario" time="0.385"/>
  <testcase classname="Runner.TestRunner" name="runScenario" time="2.381"/>
  <testcase classname="Runner.TestRunner" name="runScenario" time="0.573"/>
  <testcase classname="Runner.TestRunner" name="runScenario" time="0.562"/>
  <testcase classname="Runner.TestRunner" name="runScenario" time="0.624"/>
  <testcase classname="Runner.TestRunner" name="runScenario" time="2.425"/>
  <testcase classname="Runner.TestRunner" name="runScenario" time="2.384"/>
  <testcase classname="Runner.TestRunner" name="runScenario" time="2.374"/>
  <testcase classname="Runner.TestRunner" name="runScenario" time="0.274"/>
  <testcase classname="Runner.TestRunner" name="runScenario" time="0.272"/>
  <testcase classname="Runner.TestRunner" name="runScenario" time="0.389"/>
  <testcase classname="Runner.TestRunner" name="runScenario" time="2.401"/>
  <testcase classname="Runner.TestRunner" name="runScenario" time="0.518"/>
  <testcase classname="Runner.TestRunner" name="runScenario" time="2.452"/>
  <testcase classname="Runner.TestRunner" name="runScenario" time="2.443"/>
  <testcase classname="Runner.TestRunner" name="runScenario" time="0.622"/>
  <testcase classname="Runner.TestRunner" name="runScenario" time="0.273"/>
  <testcase classname="Runner.TestRunner" name="runScenario" time="0.428"/>
  <testcase classname="Runner.TestRunner" name="runScenario" time="0.437"/>
  <testcase classname="Runner.TestRunner" name="runScenario" time="0.391"/>
  <testcase classname="Runner.TestRunner" name="runScenario" time="2.412"/>
  <testcase classname="Runner.TestRunner" name="runScenario" time="2.392"/>
  <testcase classname="Runner.TestRunner" name="runScenario" time="0.397"/>
  <testcase classname="Runner.TestRunner" name="runScenario" time="0.575"/>
  <testcase classname="Runner.TestRunner" name="runScenario" time="0.583"/>
  <testcase classname="Runner.TestRunner" name="runScenario" time="0.595"/>
  <testcase classname="Runner.TestRunner" name="runScenario" time="0.609"/>
  <testcase classname="Runner.TestRunner" name="runScenario" time="1.336"/>
  <testcase classname="Runner.TestRunner" name="runScenario" time="0.600"/>
  <testcase classname="Runner.TestRunner" name="runScenario" time="0.706"/>
  <testcase classname="Runner.TestRunner" name="runScenario" time="0.239"/>
  <testcase classname="Runner.TestRunner" name="runScenario" time="2.431"/>
  <testcase classname="Runner.TestRunner" name="runScenario" time="0.566"/>
  <testcase classname="Runner.TestRunner" name="runScenario" time="0.277"/>
  <testcase classname="Runner.TestRunner" name="runScenario" time="0.271"/>
  <testcase classname="Runner.TestRunner" name="runScenario" time="0.273"/>
  <testcase classname="Runner.TestRunner" name="runScenario" time="0.517"/>
  <testcase classname="Runner.TestRunner" name="runScenario" time="0.496"/>
  <testcase classname="Runner.TestRunner" name="runScenario" time="0.336"/>
  <testcase classname="Runner.TestRunner" name="runScenario" time="2.454"/>
  <testcase classname="Runner.TestRunner" name="runScenario" time="2.557"/>
  <testcase classname="Runner.TestRunner" name="runScenario" time="0.252"/>
  <testcase classname="Runner.TestRunner" name="runScenario" time="2.444"/>
  <testcase classname="Runner.TestRunner" name="runScenario" time="0.579"/>
  <testcase classname="Runner.TestRunner" name="runScenario" time="0.287"/>
  <testcase classname="Runner.TestRunner" name="runScenario" time="0.419"/>
  <testcase classname="Runner.TestRunner" name="runScenario" time="0.437"/>
  <testcase classname="Runner.TestRunner" name="runScenario" time="2.409"/>
  <testcase classname="Runner.TestRunner" name="runScenario" time="0.262"/>
  <testcase classname="Runner.TestRunner" name="runScenario" time="0.524"/>
  <testcase classname="Runner.TestRunner" name="runScenario" time="2.369"/>
  <testcase classname="Runner.TestRunner" name="runScenario" time="2.415"/>
  <testcase classname="Runner.TestRunner" name="runScenario" time="0.494"/>
  <testcase classname="Runner.TestRunner" name="runScenario" time="2.658"/>
  <testcase classname="Runner.TestRunner" name="runScenario" time="0.599"/>
  <testcase classname="Runner.TestRunner" name="runScenario" time="0.571"/>
  <testcase classname="Runner.TestRunner" name="runScenario" time="0.446"/>
  <testcase classname="Runner.TestRunner" name="runScenario" time="2.402"/>
  <testcase classname="Runner.TestRunner" name="runScenario" time="0.050">
    <error message="The step &#039;I want to write a step with precondition&#039; and 6 other step(s) are undefined.
You can implement these steps using the snippet(s) below:

@Given(&quot;I want to write a step with precondition&quot;)
public void i_want_to_write_a_step_with_precondition() {
    // Write code here that turns the phrase above into concrete actions
    throw new io.cucumber.java.PendingException();
}
@Given(&quot;some other precondition&quot;)
public void some_other_precondition() {
    // Write code here that turns the phrase above into concrete actions
    throw new io.cucumber.java.PendingException();
}
@When(&quot;I complete action&quot;)
public void i_complete_action() {
    // Write code here that turns the phrase above into concrete actions
    throw new io.cucumber.java.PendingException();
}
@When(&quot;some other action&quot;)
public void some_other_action() {
    // Write code here that turns the phrase above into concrete actions
    throw new io.cucumber.java.PendingException();
}
@When(&quot;yet another action&quot;)
public void yet_another_action() {
    // Write code here that turns the phrase above into concrete actions
    throw new io.cucumber.java.PendingException();
}
@Then(&quot;I validate the outcomes&quot;)
public void i_validate_the_outcomes() {
    // Write code here that turns the phrase above into concrete actions
    throw new io.cucumber.java.PendingException();
}
@Then(&quot;check more outcomes&quot;)
public void check_more_outcomes() {
    // Write code here that turns the phrase above into concrete actions
    throw new io.cucumber.java.PendingException();
}
" type="io.cucumber.testng.UndefinedStepException">
      <![CDATA[io.cucumber.testng.UndefinedStepException: The step 'I want to write a step with precondition' and 6 other step(s) are undefined.
You can implement these steps using the snippet(s) below:

@Given("I want to write a step with precondition")
public void i_want_to_write_a_step_with_precondition() {
    // Write code here that turns the phrase above into concrete actions
    throw new io.cucumber.java.PendingException();
}
@Given("some other precondition")
public void some_other_precondition() {
    // Write code here that turns the phrase above into concrete actions
    throw new io.cucumber.java.PendingException();
}
@When("I complete action")
public void i_complete_action() {
    // Write code here that turns the phrase above into concrete actions
    throw new io.cucumber.java.PendingException();
}
@When("some other action")
public void some_other_action() {
    // Write code here that turns the phrase above into concrete actions
    throw new io.cucumber.java.PendingException();
}
@When("yet another action")
public void yet_another_action() {
    // Write code here that turns the phrase above into concrete actions
    throw new io.cucumber.java.PendingException();
}
@Then("I validate the outcomes")
public void i_validate_the_outcomes() {
    // Write code here that turns the phrase above into concrete actions
    throw new io.cucumber.java.PendingException();
}
@Then("check more outcomes")
public void check_more_outcomes() {
    // Write code here that turns the phrase above into concrete actions
    throw new io.cucumber.java.PendingException();
}

at io.cucumber.core.runtime.TestCaseResultObserver.assertTestCasePassed(TestCaseResultObserver.java:69)
at io.cucumber.testng.TestCaseResultObserver.assertTestCasePassed(TestCaseResultObserver.java:23)
at io.cucumber.testng.TestNGCucumberRunner.lambda$runScenario$1(TestNGCucumberRunner.java:133)
at io.cucumber.core.runtime.CucumberExecutionContext.lambda$runTestCase$5(CucumberExecutionContext.java:137)
at io.cucumber.core.runtime.RethrowingThrowableCollector.executeAndThrow(RethrowingThrowableCollector.java:23)
at io.cucumber.core.runtime.CucumberExecutionContext.runTestCase(CucumberExecutionContext.java:137)
at io.cucumber.testng.TestNGCucumberRunner.runScenario(TestNGCucumberRunner.java:129)
at io.cucumber.testng.AbstractTestNGCucumberTests.runScenario(AbstractTestNGCucumberTests.java:35)
at java.base/jdk.internal.reflect.DirectMethodHandleAccessor.invoke(DirectMethodHandleAccessor.java:104)
at java.base/java.lang.reflect.Method.invoke(Method.java:578)
at org.testng.internal.invokers.MethodInvocationHelper.invokeMethod(MethodInvocationHelper.java:139)
at org.testng.internal.invokers.TestInvoker.invokeMethod(TestInvoker.java:664)
at org.testng.internal.invokers.TestInvoker.invokeTestMethod(TestInvoker.java:227)
at org.testng.internal.invokers.MethodRunner.runInSequence(MethodRunner.java:50)
at org.testng.internal.invokers.TestInvoker$MethodInvocationAgent.invoke(TestInvoker.java:957)
at org.testng.internal.invokers.TestInvoker.invokeTestMethods(TestInvoker.java:200)
at org.testng.internal.invokers.TestMethodWorker.invokeTestMethods(TestMethodWorker.java:148)
at org.testng.internal.invokers.TestMethodWorker.run(TestMethodWorker.java:128)
at java.base/java.util.ArrayList.forEach(ArrayList.java:1511)
at org.testng.TestRunner.privateRun(TestRunner.java:848)
at org.testng.TestRunner.run(TestRunner.java:621)
at org.testng.SuiteRunner.runTest(SuiteRunner.java:443)
at org.testng.SuiteRunner.runSequentially(SuiteRunner.java:437)
at org.testng.SuiteRunner.privateRun(SuiteRunner.java:397)
at org.testng.SuiteRunner.run(SuiteRunner.java:336)
at org.testng.SuiteRunnerWorker.runSuite(SuiteRunnerWorker.java:52)
at org.testng.SuiteRunnerWorker.run(SuiteRunnerWorker.java:95)
at org.testng.TestNG.runSuitesSequentially(TestNG.java:1280)
at org.testng.TestNG.runSuitesLocally(TestNG.java:1200)
at org.testng.TestNG.runSuites(TestNG.java:1114)
at org.testng.TestNG.run(TestNG.java:1082)
at org.testng.remote.AbstractRemoteTestNG.run(AbstractRemoteTestNG.java:115)
at org.testng.remote.RemoteTestNG.initAndRun(RemoteTestNG.java:251)
at org.testng.remote.RemoteTestNG.main(RemoteTestNG.java:77)
]]>
    </error>
  </testcase> <!-- runScenario -->
  <testcase classname="Runner.TestRunner" name="runScenario" time="0.476"/>
  <testcase classname="Runner.TestRunner" name="runScenario" time="2.440"/>
  <testcase classname="Runner.TestRunner" name="runScenario" time="0.577"/>
  <testcase classname="Runner.TestRunner" name="runScenario" time="0.381"/>
  <testcase classname="Runner.TestRunner" name="runScenario" time="0.324"/>
  <testcase classname="Runner.TestRunner" name="runScenario" time="0.007">
    <error message="The step &#039;I want to write a step with name2&#039; and 2 other step(s) are undefined.
You can implement these steps using the snippet(s) below:

@Given(&quot;I want to write a step with name2&quot;)
public void i_want_to_write_a_step_with_name2() {
    // Write code here that turns the phrase above into concrete actions
    throw new io.cucumber.java.PendingException();
}
@When(&quot;I check for the {int} in step&quot;)
public void i_check_for_the_in_step(Integer int1) {
    // Write code here that turns the phrase above into concrete actions
    throw new io.cucumber.java.PendingException();
}
@Then(&quot;I verify the Fail in step&quot;)
public void i_verify_the_fail_in_step() {
    // Write code here that turns the phrase above into concrete actions
    throw new io.cucumber.java.PendingException();
}
" type="io.cucumber.testng.UndefinedStepException">
      <![CDATA[io.cucumber.testng.UndefinedStepException: The step 'I want to write a step with name2' and 2 other step(s) are undefined.
You can implement these steps using the snippet(s) below:

@Given("I want to write a step with name2")
public void i_want_to_write_a_step_with_name2() {
    // Write code here that turns the phrase above into concrete actions
    throw new io.cucumber.java.PendingException();
}
@When("I check for the {int} in step")
public void i_check_for_the_in_step(Integer int1) {
    // Write code here that turns the phrase above into concrete actions
    throw new io.cucumber.java.PendingException();
}
@Then("I verify the Fail in step")
public void i_verify_the_fail_in_step() {
    // Write code here that turns the phrase above into concrete actions
    throw new io.cucumber.java.PendingException();
}

at io.cucumber.core.runtime.TestCaseResultObserver.assertTestCasePassed(TestCaseResultObserver.java:69)
at io.cucumber.testng.TestCaseResultObserver.assertTestCasePassed(TestCaseResultObserver.java:23)
at io.cucumber.testng.TestNGCucumberRunner.lambda$runScenario$1(TestNGCucumberRunner.java:133)
at io.cucumber.core.runtime.CucumberExecutionContext.lambda$runTestCase$5(CucumberExecutionContext.java:137)
at io.cucumber.core.runtime.RethrowingThrowableCollector.executeAndThrow(RethrowingThrowableCollector.java:23)
at io.cucumber.core.runtime.CucumberExecutionContext.runTestCase(CucumberExecutionContext.java:137)
at io.cucumber.testng.TestNGCucumberRunner.runScenario(TestNGCucumberRunner.java:129)
at io.cucumber.testng.AbstractTestNGCucumberTests.runScenario(AbstractTestNGCucumberTests.java:35)
at java.base/jdk.internal.reflect.DirectMethodHandleAccessor.invoke(DirectMethodHandleAccessor.java:104)
at java.base/java.lang.reflect.Method.invoke(Method.java:578)
at org.testng.internal.invokers.MethodInvocationHelper.invokeMethod(MethodInvocationHelper.java:139)
at org.testng.internal.invokers.TestInvoker.invokeMethod(TestInvoker.java:664)
at org.testng.internal.invokers.TestInvoker.invokeTestMethod(TestInvoker.java:227)
at org.testng.internal.invokers.MethodRunner.runInSequence(MethodRunner.java:50)
at org.testng.internal.invokers.TestInvoker$MethodInvocationAgent.invoke(TestInvoker.java:957)
at org.testng.internal.invokers.TestInvoker.invokeTestMethods(TestInvoker.java:200)
at org.testng.internal.invokers.TestMethodWorker.invokeTestMethods(TestMethodWorker.java:148)
at org.testng.internal.invokers.TestMethodWorker.run(TestMethodWorker.java:128)
at java.base/java.util.ArrayList.forEach(ArrayList.java:1511)
at org.testng.TestRunner.privateRun(TestRunner.java:848)
at org.testng.TestRunner.run(TestRunner.java:621)
at org.testng.SuiteRunner.runTest(SuiteRunner.java:443)
at org.testng.SuiteRunner.runSequentially(SuiteRunner.java:437)
at org.testng.SuiteRunner.privateRun(SuiteRunner.java:397)
at org.testng.SuiteRunner.run(SuiteRunner.java:336)
at org.testng.SuiteRunnerWorker.runSuite(SuiteRunnerWorker.java:52)
at org.testng.SuiteRunnerWorker.run(SuiteRunnerWorker.java:95)
at org.testng.TestNG.runSuitesSequentially(TestNG.java:1280)
at org.testng.TestNG.runSuitesLocally(TestNG.java:1200)
at org.testng.TestNG.runSuites(TestNG.java:1114)
at org.testng.TestNG.run(TestNG.java:1082)
at org.testng.remote.AbstractRemoteTestNG.run(AbstractRemoteTestNG.java:115)
at org.testng.remote.RemoteTestNG.initAndRun(RemoteTestNG.java:251)
at org.testng.remote.RemoteTestNG.main(RemoteTestNG.java:77)
]]>
    </error>
  </testcase> <!-- runScenario -->
  <testcase classname="Runner.TestRunner" name="runScenario" time="0.826"/>
  <testcase classname="Runner.TestRunner" name="runScenario" time="0.422"/>
  <testcase classname="Runner.TestRunner" name="runScenario" time="0.276"/>
  <testcase classname="Runner.TestRunner" name="runScenario" time="2.416"/>
  <testcase classname="Runner.TestRunner" name="runScenario" time="0.372"/>
  <testcase classname="Runner.TestRunner" name="runScenario" time="0.408"/>
  <testcase classname="Runner.TestRunner" name="runScenario" time="2.403"/>
  <testcase classname="Runner.TestRunner" name="runScenario" time="0.843"/>
  <testcase classname="Runner.TestRunner" name="runScenario" time="2.373"/>
  <testcase classname="Runner.TestRunner" name="runScenario" time="0.678"/>
  <testcase classname="Runner.TestRunner" name="runScenario" time="0.585"/>
  <testcase classname="Runner.TestRunner" name="runScenario" time="0.593"/>
</testsuite> <!-- Runner.TestRunner -->
